<?xml version="1.0" encoding="UTF-8"?>
<testng-results ignored="0" total="2" passed="2" failed="0" skipped="0">
  <reporter-output>
  </reporter-output>
  <suite started-at="2025-03-07T11:35:19 IST" name="Master Suite" finished-at="2025-03-07T11:35:34 IST" duration-ms="14825">
    <groups>
      <group name="Master">
        <method signature="TC01_AccountRegistrationTest.ValidateRegisteration()[pri:0, instance:testCases.TC01_AccountRegistrationTest@223191a6]" name="ValidateRegisteration" class="testCases.TC01_AccountRegistrationTest"/>
        <method signature="TC02_LoginTest.LoginValidation()[pri:0, instance:testCases.TC02_LoginTest@59662a0b]" name="LoginValidation" class="testCases.TC02_LoginTest"/>
      </group> <!-- Master -->
      <group name="Regression">
        <method signature="TC01_AccountRegistrationTest.ValidateRegisteration()[pri:0, instance:testCases.TC01_AccountRegistrationTest@223191a6]" name="ValidateRegisteration" class="testCases.TC01_AccountRegistrationTest"/>
      </group> <!-- Regression -->
      <group name="Smoke">
        <method signature="TC02_LoginTest.LoginValidation()[pri:0, instance:testCases.TC02_LoginTest@59662a0b]" name="LoginValidation" class="testCases.TC02_LoginTest"/>
      </group> <!-- Smoke -->
    </groups>
    <test started-at="2025-03-07T11:35:19 IST" name="ChromeTest" finished-at="2025-03-07T11:35:34 IST" duration-ms="14825">
      <class name="testCases.TC01_AccountRegistrationTest">
        <test-method is-config="true" signature="setup(java.lang.String,java.lang.String)[pri:0, instance:testCases.TC01_AccountRegistrationTest@223191a6]" started-at="2025-03-07T11:35:19 IST" name="setup" finished-at="2025-03-07T11:35:25 IST" duration-ms="6097" status="PASS">
          <params>
            <param index="0">
              <value>
                <![CDATA[Windows]]>
              </value>
            </param>
            <param index="1">
              <value>
                <![CDATA[chrome]]>
              </value>
            </param>
          </params>
          <reporter-output>
          </reporter-output>
        </test-method> <!-- setup -->
        <test-method signature="ValidateRegisteration()[pri:0, instance:testCases.TC01_AccountRegistrationTest@223191a6]" started-at="2025-03-07T11:35:25 IST" name="ValidateRegisteration" finished-at="2025-03-07T11:35:28 IST" duration-ms="2182" status="PASS">
          <reporter-output>
          </reporter-output>
        </test-method> <!-- ValidateRegisteration -->
        <test-method is-config="true" signature="tearDown()[pri:0, instance:testCases.TC01_AccountRegistrationTest@223191a6]" started-at="2025-03-07T11:35:28 IST" name="tearDown" finished-at="2025-03-07T11:35:28 IST" duration-ms="193" status="PASS">
          <reporter-output>
          </reporter-output>
        </test-method> <!-- tearDown -->
      </class> <!-- testCases.TC01_AccountRegistrationTest -->
      <class name="testCases.TC02_LoginTest">
        <test-method is-config="true" signature="setup(java.lang.String,java.lang.String)[pri:0, instance:testCases.TC02_LoginTest@59662a0b]" started-at="2025-03-07T11:35:28 IST" name="setup" finished-at="2025-03-07T11:35:32 IST" duration-ms="4347" status="PASS">
          <params>
            <param index="0">
              <value>
                <![CDATA[Windows]]>
              </value>
            </param>
            <param index="1">
              <value>
                <![CDATA[chrome]]>
              </value>
            </param>
          </params>
          <reporter-output>
          </reporter-output>
        </test-method> <!-- setup -->
        <test-method signature="LoginValidation()[pri:0, instance:testCases.TC02_LoginTest@59662a0b]" started-at="2025-03-07T11:35:32 IST" name="LoginValidation" finished-at="2025-03-07T11:35:34 IST" duration-ms="1647" status="PASS">
          <reporter-output>
          </reporter-output>
        </test-method> <!-- LoginValidation -->
        <test-method is-config="true" signature="tearDown()[pri:0, instance:testCases.TC02_LoginTest@59662a0b]" started-at="2025-03-07T11:35:34 IST" name="tearDown" finished-at="2025-03-07T11:35:34 IST" duration-ms="162" status="PASS">
          <reporter-output>
          </reporter-output>
        </test-method> <!-- tearDown -->
      </class> <!-- testCases.TC02_LoginTest -->
    </test> <!-- ChromeTest -->
  </suite> <!-- Master Suite -->
</testng-results>
