<?xml version="1.0" encoding="UTF-8"?>
<testng-results ignored="0" total="4" passed="4" failed="0" skipped="0">
  <reporter-output>
  </reporter-output>
  <suite started-at="2025-03-07T01:20:14 IST" name="Suite" finished-at="2025-03-07T01:20:44 IST" duration-ms="29827">
    <groups>
      <group name="Master">
        <method signature="TC01_AccountRegistrationTest.ValidateRegisteration()[pri:0, instance:testCases.TC01_AccountRegistrationTest@2a798d51]" name="ValidateRegisteration" class="testCases.TC01_AccountRegistrationTest"/>
        <method signature="TC02_LoginTest.LoginValidation()[pri:0, instance:testCases.TC02_LoginTest@222545dc]" name="LoginValidation" class="testCases.TC02_LoginTest"/>
        <method signature="TC01_AccountRegistrationTest.ValidateRegisteration()[pri:0, instance:testCases.TC01_AccountRegistrationTest@6aeb35e6]" name="ValidateRegisteration" class="testCases.TC01_AccountRegistrationTest"/>
        <method signature="TC02_LoginTest.LoginValidation()[pri:0, instance:testCases.TC02_LoginTest@1283bb96]" name="LoginValidation" class="testCases.TC02_LoginTest"/>
      </group> <!-- Master -->
      <group name="Regression">
        <method signature="TC01_AccountRegistrationTest.ValidateRegisteration()[pri:0, instance:testCases.TC01_AccountRegistrationTest@2a798d51]" name="ValidateRegisteration" class="testCases.TC01_AccountRegistrationTest"/>
        <method signature="TC01_AccountRegistrationTest.ValidateRegisteration()[pri:0, instance:testCases.TC01_AccountRegistrationTest@6aeb35e6]" name="ValidateRegisteration" class="testCases.TC01_AccountRegistrationTest"/>
      </group> <!-- Regression -->
      <group name="Smoke">
        <method signature="TC02_LoginTest.LoginValidation()[pri:0, instance:testCases.TC02_LoginTest@222545dc]" name="LoginValidation" class="testCases.TC02_LoginTest"/>
        <method signature="TC02_LoginTest.LoginValidation()[pri:0, instance:testCases.TC02_LoginTest@1283bb96]" name="LoginValidation" class="testCases.TC02_LoginTest"/>
      </group> <!-- Smoke -->
    </groups>
    <test started-at="2025-03-07T01:20:14 IST" name="Linux-Chrome" finished-at="2025-03-07T01:20:25 IST" duration-ms="10960">
      <class name="testCases.TC01_AccountRegistrationTest">
        <test-method is-config="true" signature="setup(java.lang.String,java.lang.String)[pri:0, instance:testCases.TC01_AccountRegistrationTest@2a798d51]" started-at="2025-03-07T01:20:14 IST" name="setup" finished-at="2025-03-07T01:20:18 IST" duration-ms="3617" status="PASS">
          <params>
            <param index="0">
              <value>
                <![CDATA[linux]]>
              </value>
            </param>
            <param index="1">
              <value>
                <![CDATA[chrome]]>
              </value>
            </param>
          </params>
          <reporter-output>
          </reporter-output>
        </test-method> <!-- setup -->
        <test-method signature="ValidateRegisteration()[pri:0, instance:testCases.TC01_AccountRegistrationTest@2a798d51]" started-at="2025-03-07T01:20:18 IST" name="ValidateRegisteration" finished-at="2025-03-07T01:20:20 IST" duration-ms="2429" status="PASS">
          <reporter-output>
          </reporter-output>
        </test-method> <!-- ValidateRegisteration -->
        <test-method is-config="true" signature="tearDown()[pri:0, instance:testCases.TC01_AccountRegistrationTest@2a798d51]" started-at="2025-03-07T01:20:20 IST" name="tearDown" finished-at="2025-03-07T01:20:20 IST" duration-ms="144" status="PASS">
          <reporter-output>
          </reporter-output>
        </test-method> <!-- tearDown -->
      </class> <!-- testCases.TC01_AccountRegistrationTest -->
      <class name="testCases.TC02_LoginTest">
        <test-method is-config="true" signature="setup(java.lang.String,java.lang.String)[pri:0, instance:testCases.TC02_LoginTest@222545dc]" started-at="2025-03-07T01:20:20 IST" name="setup" finished-at="2025-03-07T01:20:23 IST" duration-ms="2720" status="PASS">
          <params>
            <param index="0">
              <value>
                <![CDATA[linux]]>
              </value>
            </param>
            <param index="1">
              <value>
                <![CDATA[chrome]]>
              </value>
            </param>
          </params>
          <reporter-output>
          </reporter-output>
        </test-method> <!-- setup -->
        <test-method signature="LoginValidation()[pri:0, instance:testCases.TC02_LoginTest@222545dc]" started-at="2025-03-07T01:20:23 IST" name="LoginValidation" finished-at="2025-03-07T01:20:25 IST" duration-ms="1727" status="PASS">
          <reporter-output>
          </reporter-output>
        </test-method> <!-- LoginValidation -->
        <test-method is-config="true" signature="tearDown()[pri:0, instance:testCases.TC02_LoginTest@222545dc]" started-at="2025-03-07T01:20:25 IST" name="tearDown" finished-at="2025-03-07T01:20:25 IST" duration-ms="84" status="PASS">
          <reporter-output>
          </reporter-output>
        </test-method> <!-- tearDown -->
      </class> <!-- testCases.TC02_LoginTest -->
    </test> <!-- Linux-Chrome -->
    <test started-at="2025-03-07T01:20:26 IST" name="Linux-Firefox" finished-at="2025-03-07T01:20:44 IST" duration-ms="18083">
      <class name="testCases.TC01_AccountRegistrationTest">
        <test-method is-config="true" signature="setup(java.lang.String,java.lang.String)[pri:0, instance:testCases.TC01_AccountRegistrationTest@6aeb35e6]" started-at="2025-03-07T01:20:26 IST" name="setup" finished-at="2025-03-07T01:20:32 IST" duration-ms="6413" status="PASS">
          <params>
            <param index="0">
              <value>
                <![CDATA[linux]]>
              </value>
            </param>
            <param index="1">
              <value>
                <![CDATA[firefox]]>
              </value>
            </param>
          </params>
          <reporter-output>
          </reporter-output>
        </test-method> <!-- setup -->
        <test-method signature="ValidateRegisteration()[pri:0, instance:testCases.TC01_AccountRegistrationTest@6aeb35e6]" started-at="2025-03-07T01:20:32 IST" name="ValidateRegisteration" finished-at="2025-03-07T01:20:35 IST" duration-ms="2996" status="PASS">
          <reporter-output>
          </reporter-output>
        </test-method> <!-- ValidateRegisteration -->
        <test-method is-config="true" signature="tearDown()[pri:0, instance:testCases.TC01_AccountRegistrationTest@6aeb35e6]" started-at="2025-03-07T01:20:35 IST" name="tearDown" finished-at="2025-03-07T01:20:36 IST" duration-ms="959" status="PASS">
          <reporter-output>
          </reporter-output>
        </test-method> <!-- tearDown -->
      </class> <!-- testCases.TC01_AccountRegistrationTest -->
      <class name="testCases.TC02_LoginTest">
        <test-method is-config="true" signature="setup(java.lang.String,java.lang.String)[pri:0, instance:testCases.TC02_LoginTest@1283bb96]" started-at="2025-03-07T01:20:36 IST" name="setup" finished-at="2025-03-07T01:20:41 IST" duration-ms="5013" status="PASS">
          <params>
            <param index="0">
              <value>
                <![CDATA[linux]]>
              </value>
            </param>
            <param index="1">
              <value>
                <![CDATA[firefox]]>
              </value>
            </param>
          </params>
          <reporter-output>
          </reporter-output>
        </test-method> <!-- setup -->
        <test-method signature="LoginValidation()[pri:0, instance:testCases.TC02_LoginTest@1283bb96]" started-at="2025-03-07T01:20:41 IST" name="LoginValidation" finished-at="2025-03-07T01:20:43 IST" duration-ms="1917" status="PASS">
          <reporter-output>
          </reporter-output>
        </test-method> <!-- LoginValidation -->
        <test-method is-config="true" signature="tearDown()[pri:0, instance:testCases.TC02_LoginTest@1283bb96]" started-at="2025-03-07T01:20:43 IST" name="tearDown" finished-at="2025-03-07T01:20:44 IST" duration-ms="778" status="PASS">
          <reporter-output>
          </reporter-output>
        </test-method> <!-- tearDown -->
      </class> <!-- testCases.TC02_LoginTest -->
    </test> <!-- Linux-Firefox -->
  </suite> <!-- Suite -->
</testng-results>
